[LOG] SystemI::init                            : FMOD Studio Version: 00010815 (82192)
[LOG] SystemI::init                            : maxchannels = 1024, flags = 00030000, extradriverdata = 0x0
[LOG] SystemI::close                           : 
[LOG] SystemI::close                           : Stop all sounds
[LOG] SystemI::close                           : done.

[LOG] OutputCoreAudio::enumerate               : Enumerating...
[LOG] OutputCoreAudio::enumerate               : Found output driver: "Apowersoft_AudioDevice".
[LOG] OutputCoreAudio::enumerate               : Found output driver: "Built-in Output".
[LOG] OutputCoreAudio::enumerate               : Found output driver: "HDMI".
[LOG] OutputCoreAudio::enumerate               : Found output driver: "Apowersoft_AggregateDevice".
[LOG] OutputCoreAudio::enumerate               : Done.
[LOG] OutputCoreAudio::init                    : Output running 2 channels at 48000Hz sample rate.
[LOG] OutputCoreAudio::init                    : Maximum hardware read size: 1024 samples, Software buffer size: 512 samples, Number of software buffers: 4.
[LOG] Thread::initThread                       : Initializing FMOD mixer thread.  priority 3
[LOG] Thread::initThread                       : - Stacksize 49152.  Stack pointer 0x0 : usesemaphore = 1 : sleeptime = 0
[LOG] Thread::callback                         : * FMOD mixer thread started
[LOG] SystemI::init                            : Set up emulated output
[LOG] SystemI::init                            : create the channel pool
[LOG] Thread::initThread                       : Initializing FMOD stream thread.  priority 2
[LOG] Thread::initThread                       : - Stacksize 65536.  Stack pointer 0x0 : usesemaphore = 0 : sleeptime = 10
[LOG] Thread::callback                         : * FMOD stream thread started
[LOG] Thread::initThread                       : Initializing FMOD Studio update thread.  priority 0
[LOG] Thread::initThread                       : - Stacksize 65536.  Stack pointer 0x0 : usesemaphore = 0 : sleeptime = 1
[LOG] Thread::callback                         : * FMOD Studio update thread started
[LOG] Thread::initThread                       : Initializing FMOD Studio sample load thread.  priority 0
[LOG] Thread::initThread                       : - Stacksize 65536.  Stack pointer 0x0 : usesemaphore = 0 : sleeptime = 1
[LOG] Thread::callback                         : * FMOD Studio sample load thread started
[LOG] LiveUpdate::init                         : 
[LOG] Thread::initThread                       : Initializing FMOD Studio bank load thread.  priority 0
[LOG] Thread::initThread                       : - Stacksize 65536.  Stack pointer 0x0 : usesemaphore = 0 : sleeptime = 1
[LOG] Thread::callback                         : * FMOD Studio bank load thread started
[LOG] Profile::init                            : Profiler listening on port: 9264
[LOG] Manager::readBank                        : fileversion = 79, compatVersion = 70 (oldest = 44, newest = 80)
[LOG] Manager::readBank                        : fileversion = 79, compatVersion = 70 (oldest = 44, newest = 80)
[LOG] PlaybackSystem::acquireMasterBus         : Setting master channel group format to 6
[ERR] assert                                   : assertion: 'listener >= 0 && listener < numlisteners' failed
[ERR] assert                                   : assertion: 'listener >= 0 && listener < numlisteners' failed
[LOG] SystemI::createSoundInternal             : filename =  : mode 02000202
[LOG] SystemI::createSoundInternal             : exinfo->cbsize             = 232
[LOG] SystemI::createSoundInternal             : exinfo->length             = 971840
[LOG] SystemI::createSoundInternal             : exinfo->fileoffset         = 15904
[LOG] SystemI::createSoundInternal             : exinfo->numsubsounds       = 1
[LOG] SystemI::createSoundInternal             : exinfo->inclusionlist      = 0x70000e5f3b88
[LOG] SystemI::createSoundInternal             : exinfo->inclusionlistnum   = 1
[LOG] SystemI::createSoundInternal             : exinfo->suggestedsoundtype = 5
[LOG] SystemI::createSoundInternal             : exinfo->useropen           = 0x11f506648
[LOG] SystemI::createSoundInternal             : exinfo->userclose          = 0x11f506704
[LOG] SystemI::createSoundInternal             : exinfo->userread           = 0x11f506734
[LOG] SystemI::createSoundInternal             : exinfo->userseek           = 0x11f5067d1
[LOG] SystemI::createSoundInternal             : exinfo->fileuserdata       = 0x10b725f28
[LOG] SystemI::createSoundInternal             : exinfo->initialseekpostype = 1
[LOG] SystemI::createSoundInternal             : Format has 1 subsounds.
[LOG] SystemI::createSoundInternal             : Create as FMOD_CREATESAMPLE
[LOG] SystemI::createSoundInternal             : Multi-sample sound (1 subsounds), create a sample container.
[LOG] SystemI::createSoundInternal             : creating subsound 0/1
[LOG] SystemI::createSample                    : mode 02000202 length 135529 samples, lengthbytes 17184
[LOG] SystemI::createSample                    : channels = 1
[LOG] SystemI::createSample                    : output = 0x10b4ea1e8
[LOG] OutputSoftware::createSample             : lengthpcm 135529, lengthbytes 17184, channels 1, format 2, freq 48000, mode 0200020a
[LOG] SystemI::createSoundInternal             : No name found in file, use filename.
[LOG] SystemI::createSoundInternal             : done.  OpenState now = FMOD_OPENSTATE_READY.

[LOG] SystemI::createSoundInternal             : filename =  : mode 02000202
[LOG] SystemI::createSoundInternal             : exinfo->cbsize             = 232
[LOG] SystemI::createSoundInternal             : exinfo->length             = 971840
[LOG] SystemI::createSoundInternal             : exinfo->fileoffset         = 15904
[LOG] SystemI::createSoundInternal             : exinfo->numsubsounds       = 1
[LOG] SystemI::createSoundInternal             : exinfo->inclusionlist      = 0x70000e5f3b88
[LOG] SystemI::createSoundInternal             : exinfo->inclusionlistnum   = 1
[LOG] SystemI::createSoundInternal             : exinfo->suggestedsoundtype = 5
[LOG] SystemI::createSoundInternal             : exinfo->useropen           = 0x11f506648
[LOG] SystemI::createSoundInternal             : exinfo->userclose          = 0x11f506704
[LOG] SystemI::createSoundInternal             : exinfo->userread           = 0x11f506734
[LOG] SystemI::createSoundInternal             : exinfo->userseek           = 0x11f5067d1
[LOG] SystemI::createSoundInternal             : exinfo->fileuserdata       = 0x10b725f28
[LOG] SystemI::createSoundInternal             : exinfo->initialseekpostype = 1
[LOG] SystemI::createSoundInternal             : Format has 1 subsounds.
[LOG] SystemI::createSoundInternal             : Create as FMOD_CREATESAMPLE
[LOG] SystemI::createSoundInternal             : Multi-sample sound (1 subsounds), create a sample container.
[LOG] SystemI::createSoundInternal             : creating subsound 0/1
[LOG] SystemI::createSample                    : mode 02000202 length 242526 samples, lengthbytes 28384
[LOG] SystemI::createSample                    : channels = 1
[LOG] SystemI::createSample                    : output = 0x10b4ea1e8
[LOG] OutputSoftware::createSample             : lengthpcm 242526, lengthbytes 28384, channels 1, format 2, freq 48000, mode 0200020a
[LOG] SystemI::createSoundInternal             : No name found in file, use filename.
[LOG] SystemI::createSoundInternal             : done.  OpenState now = FMOD_OPENSTATE_READY.

[LOG] SystemI::createSoundInternal             : filename =  : mode 02000202
[LOG] SystemI::createSoundInternal             : exinfo->cbsize             = 232
[LOG] SystemI::createSoundInternal             : exinfo->length             = 971840
[LOG] SystemI::createSoundInternal             : exinfo->fileoffset         = 15904
[LOG] SystemI::createSoundInternal             : exinfo->numsubsounds       = 1
[LOG] SystemI::createSoundInternal             : exinfo->inclusionlist      = 0x70000e5f3b88
[LOG] SystemI::createSoundInternal             : exinfo->inclusionlistnum   = 1
[LOG] SystemI::createSoundInternal             : exinfo->suggestedsoundtype = 5
[LOG] SystemI::createSoundInternal             : exinfo->useropen           = 0x11f506648
[LOG] SystemI::createSoundInternal             : exinfo->userclose          = 0x11f506704
[LOG] SystemI::createSoundInternal             : exinfo->userread           = 0x11f506734
[LOG] SystemI::createSoundInternal             : exinfo->userseek           = 0x11f5067d1
[LOG] SystemI::createSoundInternal             : exinfo->fileuserdata       = 0x10b725f28
[LOG] SystemI::createSoundInternal             : exinfo->initialseekpostype = 1
[LOG] SystemI::createSoundInternal             : Format has 1 subsounds.
[LOG] SystemI::createSoundInternal             : Create as FMOD_CREATESAMPLE
[LOG] SystemI::createSoundInternal             : Multi-sample sound (1 subsounds), create a sample container.
[LOG] SystemI::createSoundInternal             : creating subsound 0/1
[LOG] SystemI::createSample                    : mode 02000202 length 3431 samples, lengthbytes 928
[LOG] SystemI::createSample                    : channels = 1
[LOG] SystemI::createSample                    : output = 0x10b4ea1e8
[LOG] OutputSoftware::createSample             : lengthpcm 3431, lengthbytes 928, channels 1, format 2, freq 48000, mode 0200020a
[LOG] SystemI::createSoundInternal             : No name found in file, use filename.
[LOG] SystemI::createSoundInternal             : done.  OpenState now = FMOD_OPENSTATE_READY.

[LOG] SystemI::createSound                     : filename = Assets/FMOD/FMODseriousGame/Build/Desktop/Master Bank.bank : mode 02010082
[LOG] SystemI::createSound                     : FMOD_NONBLOCKING specified.  Putting into queue to be opened asynchronously!
[LOG] Thread::initThread                       : Initializing FMOD nonblocking thread (0).  priority 1
[LOG] Thread::initThread                       : - Stacksize 81920.  Stack pointer 0x0 : usesemaphore = 1 : sleeptime = 0
[LOG] Thread::callback                         : * FMOD nonblocking thread (0) started
[LOG] SystemI::createSound                     : setdata soundi = 0x1271bfc98 : node = 0x10b770a50
[LOG] SystemI::createSound                     : add node to async list : head = 0x14391ef38.  list count = 0
[LOG] AsyncThread::threadFunc                  : Starting Asynchronous operation on sound 0x1271bfc98
[LOG] SystemI::createSoundInternal             :     filename = Assets/FMOD/FMODseriousGame/Build/Desktop/Master Bank.bank : mode 02010082
[LOG] SystemI::createSoundInternal             :     exinfo->cbsize             = 232
[LOG] SystemI::createSoundInternal             :     exinfo->length             = 971840
[LOG] SystemI::createSoundInternal             :     exinfo->fileoffset         = 15904
[LOG] SystemI::createSoundInternal             :     exinfo->numsubsounds       = 1
[LOG] SystemI::createSoundInternal             :     exinfo->inclusionlist      = 0x10b770b68
[LOG] SystemI::createSoundInternal             :     exinfo->inclusionlistnum   = 1
[LOG] SystemI::createSoundInternal             :     exinfo->suggestedsoundtype = 5
[LOG] SystemI::createSoundInternal             :     exinfo->initialseekpostype = 1
[LOG] SystemI::createSoundInternal             :     Format has 1 subsounds.
[LOG] SystemI::createSoundInternal             :     Create as FMOD_CREATESTREAM
[LOG] System::createSoundInternal              :     decode buffersize = 19200 : blocksize = 256 : format = 2
[LOG] SystemI::createSample                    :     mode 02010082 length 19200 samples, lengthbytes 924256
[LOG] SystemI::createSample                    :     channels = 2
[LOG] SystemI::createSample                    :     output = 0x10b4ea1e8
[LOG] OutputSoftware::createSample             :     lengthpcm 19200, lengthbytes 924256, channels 2, format 2, freq 48000, mode 0201008a
[LOG] System::createSoundInternal              :     1 subsounds detected.
[LOG] System::createSoundInternal              :     Seek stream to start
[LOG] System::createSoundInternal              :     flush stream buffer
[LOG] System::createSoundInternal              :     flush successful.
[LOG] System::createSoundInternal              :     switch file handle from small blocking single buffered to large nonblocking doublebuffered.
[LOG] Thread::initThread                       :         Initializing FMOD file thread.  priority 1
[LOG] Thread::initThread                       :         - Stacksize 16384.  Stack pointer 0x0 : usesemaphore = 0 : sleeptime = 10
[LOG] Thread::callback                         :         * FMOD file thread started
[LOG] SystemI::createSoundInternal             :     done.  OpenState now = FMOD_OPENSTATE_READY.

[LOG] AsyncThread::threadFunc                  : Finished Asynchronous operation on sound 0x1271bfc98
[LOG] SoundI::getSubSound                      : sound 0x1271bfc98.  Subsound index 0 / 1
[LOG] SoundI::release                          : 160504__patobottos__heartbeats (0x1271bfc98)
[LOG] SoundI::release                          : remove stream samples. (0x1271bfc98)
[LOG] SoundI::release                          :     160504__patobottos__heartbeats (0x10b7ea7b8)
[LOG] SoundI::release                          : release subsounds. (0x1271bfc98)
[LOG] SoundI::release                          :     160504__patobottos__heartbeats (0x1271bee68)
[LOG] SoundI::release                          : release codec. (0x1271bfc98)
[LOG] SoundI::release                          :  (0x10b4c23f8)
[LOG] SoundI::release                          : release subsounds. (0x10b4c23f8)
[LOG] SoundI::release                          :     BB_BStat_Soft_170-E (0x10b4c2558)
[LOG] SoundI::release                          : release codec. (0x10b4c23f8)
[LOG] SoundI::release                          :  (0x126989fc8)
[LOG] SoundI::release                          : release subsounds. (0x126989fc8)
[LOG] SoundI::release                          :     exclamation (0x10b5bff68)
[LOG] SoundI::release                          : release codec. (0x126989fc8)
[LOG] SoundI::release                          :  (0x126989908)
[LOG] SoundI::release                          : release subsounds. (0x126989908)
[LOG] SoundI::release                          :     BB_EBass_Neck_Pick_95-E1 (0x126989b78)
[LOG] SoundI::release                          : release codec. (0x126989908)
[LOG] Thread::callback                         : * FMOD Studio update thread finished
[LOG] Thread::close                            : FMOD Studio update thread thread destroyed
[LOG] Thread::callback                         : * FMOD Studio bank load thread finished
[LOG] Thread::close                            : FMOD Studio bank load thread thread destroyed
[LOG] Profile::disconnectAll                   : Profiler disconnecting all clients
[LOG] Thread::callback                         : * FMOD Studio sample load thread finished
[LOG] Thread::close                            : FMOD Studio sample load thread thread destroyed
[LOG] LiveUpdate::release                      : 
[LOG] LiveUpdate::reset                        : Reset connection (reason Disconnected)
[LOG] SystemI::close                           : 
[LOG] SystemI::close                           : Stop all sounds
[LOG] Thread::callback                         : * FMOD stream thread finished
[LOG] Thread::close                            : FMOD stream thread thread destroyed
[LOG] SystemI::close                           : Stream thread destroyed
[LOG] Thread::callback                         : * FMOD mixer thread finished
[LOG] Thread::close                            : FMOD mixer thread thread destroyed
[LOG] SystemI::close                           : Free master channel group.
[LOG] SystemI::close                           : Remove 'master' sound group.
[LOG] SystemI::close                           : Free software output.
[LOG] SystemI::close                           : Free emulated output.
[LOG] SystemI::close                           : Free channel pool.
[LOG] Thread::callback                         : * FMOD nonblocking thread (0) finished
[LOG] Thread::close                            : FMOD nonblocking thread (0) thread destroyed
[LOG] Thread::callback                         : * FMOD file thread finished
[LOG] Thread::close                            : FMOD file thread thread destroyed
[LOG] SystemI::close                           : done.

